Arguments: 
  C:\Program Files\nodejs\node.exe C:\Users\serge\AppData\Roaming\npm\node_modules\yarn\bin\yarn.js jest

PATH: 
  C:\Windows\system32;C:\Windows;C:\Windows\System32\Wbem;C:\Windows\System32\WindowsPowerShell\v1.0\;C:\Windows\System32\OpenSSH\;E:\Git\cmd;C:\Program Files\Cloudflare\Cloudflare WARP\;C:\Program Files (x86)\NVIDIA Corporation\PhysX\Common;C:\Program Files\nodejs\;C:\Program Files\Docker\Docker\resources\bin;C:\Users\serge\AppData\Local\Programs\Python\Python312\Scripts\;C:\Users\serge\AppData\Local\Programs\Python\Python312\;C:\Users\serge\AppData\Local\Microsoft\WindowsApps;E:\Microsoft VS Code\bin;C:\Users\serge\AppData\Local\GitHubDesktop\bin;C:\ProgramData\serge\GitHubDesktop\bin;C:\Users\serge\AppData\Roaming\npm;C:\Program Files (x86)\ffmpeg\ffmpeg-master-latest-win64-gpl-shared\bin;

Yarn version: 
  1.22.19

Node version: 
  20.11.0

Platform: 
  win32 x64

Trace: 
  TypeError: Cannot convert object to primitive value
      at Array.join (<anonymous>)
      at [format] (C:\Users\serge\AppData\Roaming\npm\node_modules\yarn\lib\cli.js:135834:80)
      at ShellString.toString (C:\Users\serge\AppData\Roaming\npm\node_modules\yarn\lib\cli.js:135830:30)
      at sh (C:\Users\serge\AppData\Roaming\npm\node_modules\yarn\lib\cli.js:135923:55)
      at C:\Users\serge\AppData\Roaming\npm\node_modules\yarn\lib\cli.js:61585:52
      at Generator.next (<anonymous>)
      at step (C:\Users\serge\AppData\Roaming\npm\node_modules\yarn\lib\cli.js:310:30)
      at C:\Users\serge\AppData\Roaming\npm\node_modules\yarn\lib\cli.js:321:13

npm manifest: 
  {
  	"name": "webpackcustom",
  	"version": "1.0.0",
  	"main": "index.ts",
  	"scripts": {
  		"start": "webpack serve --env mode=development",
  		"build:dev": "webpack --env mode=development",
  		"build:prod": "webpack --env mode=production ",
  		"build:mobile": "webpack --env mode=development --env platform=development",
  		"build:desktop": "webpack --env mode=production --env platform=development",
  		"jest": {
  			"testEnvironment": "jest-environment-jsdom",
  			"setupFilesAfterEnv": [
  				"@testing-library/jest-dom/extend-expect"
  			]
  		}
  	},
  	"keywords": [],
  	"author": "",
  	"license": "ISC",
  	"devDependencies": {
  		"@babel/core": "^7.23.9",
  		"@babel/preset-env": "^7.23.9",
  		"@babel/preset-react": "^7.23.3",
  		"@babel/preset-typescript": "^7.23.3",
  		"@pmmmwh/react-refresh-webpack-plugin": "^0.5.11",
  		"@svgr/webpack": "^8.1.0",
  		"@testing-library/jest-dom": "^6.6.3",
  		"@testing-library/react": "^16.2.0",
  		"@testing-library/user-event": "^14.6.0",
  		"@types/babel__core": "^7.20.5",
  		"@types/jest": "^29.5.14",
  		"@types/node": "^20.11.19",
  		"@types/react": "^18.2.55",
  		"@types/react-dom": "^18.2.19",
  		"@types/webpack": "^5.28.5",
  		"@types/webpack-dev-server": "^4.7.2",
  		"babel-core": "^6.26.3",
  		"babel-loader": "^9.1.3",
  		"copy-webpack-plugin": "^12.0.2",
  		"css-loader": "^6.10.0",
  		"html-webpack-plugin": "^5.6.0",
  		"jest": "^29.7.0",
  		"jest-environment-jsdom": "^29.7.0",
  		"mini-css-extract-plugin": "^2.8.0",
  		"react-refresh-typescript": "^2.0.9",
  		"sass": "^1.70.0",
  		"sass-loader": "^14.1.0",
  		"style-loader": "^3.3.4",
  		"ts-jest": "^29.2.5",
  		"ts-loader": "^9.5.1",
  		"ts-node": "^10.9.2",
  		"typescript": "^5.3.3",
  		"webpack": "^5.90.2",
  		"webpack-cli": "^5.1.4",
  		"webpack-dev-server": "^4.15.1"
  	},
  	"dependencies": {
  		"@types/webpack-bundle-analyzer": "^4.7.0",
  		"fork-ts-checker-webpack-plugin": "^9.0.2",
  		"react": "^18.2.0",
  		"react-dom": "^18.2.0",
  		"react-router-dom": "^6.22.0",
  		"uninstall": "^0.0.0",
  		"webpack-bundle-analyzer": "^4.10.1"
  	},
  	"description": ""
  }

yarn manifest: 
  No manifest

Lockfile: 
  No lockfile
